<?xml version="1.0" encoding="UTF-8"?>
<testng-results skipped="0" failed="0" ignored="0" total="5" passed="5">
  <reporter-output>
  </reporter-output>
  <suite name="com.hybridframework.TestDataDrivenScript" duration-ms="765" started-at="2018-02-05T03:15:16Z" finished-at="2018-02-05T03:15:17Z">
    <groups>
    </groups>
    <test name="Command line test" duration-ms="765" started-at="2018-02-05T03:15:16Z" finished-at="2018-02-05T03:15:17Z">
      <class name="com.hybridframework.TestDataDrivenScript">
        <test-method status="PASS" signature="testLogin(java.lang.String, java.lang.String, java.lang.String)[pri:0, instance:com.hybridframework.TestDataDrivenScript@5f71c76a]" name="testLogin" duration-ms="0" started-at="2018-02-05T08:45:17Z" data-provider="TestData" finished-at="2018-02-05T08:45:17Z">
          <params>
            <param index="0">
              <value>
                <![CDATA[automation@gmail.com]]>
              </value>
            </param>
            <param index="1">
              <value>
                <![CDATA[test123]]>
              </value>
            </param>
            <param index="2">
              <value>
                <![CDATA[y]]>
              </value>
            </param>
          </params>
          <reporter-output>
          </reporter-output>
        </test-method> <!-- testLogin -->
        <test-method status="PASS" signature="beforeMethod(java.lang.reflect.Method)[pri:0, instance:com.hybridframework.TestDataDrivenScript@5f71c76a]" name="beforeMethod" is-config="true" duration-ms="0" started-at="2018-02-05T08:45:17Z" finished-at="2018-02-05T08:45:17Z">
          <params>
            <param index="0">
              <value>
                <![CDATA[public void com.hybridframework.TestDataDrivenScript.testLogin(java.lang.String,java.lang.String,java.lang.String)]]>
              </value>
            </param>
          </params>
          <reporter-output>
          </reporter-output>
        </test-method> <!-- beforeMethod -->
        <test-method status="PASS" signature="testLogin(java.lang.String, java.lang.String, java.lang.String)[pri:0, instance:com.hybridframework.TestDataDrivenScript@5f71c76a]" name="testLogin" duration-ms="0" started-at="2018-02-05T08:45:17Z" data-provider="TestData" finished-at="2018-02-05T08:45:17Z">
          <params>
            <param index="0">
              <value>
                <![CDATA[automation@gmail.com]]>
              </value>
            </param>
            <param index="1">
              <value>
                <![CDATA[test123]]>
              </value>
            </param>
            <param index="2">
              <value>
                <![CDATA[y]]>
              </value>
            </param>
          </params>
          <reporter-output>
          </reporter-output>
        </test-method> <!-- testLogin -->
        <test-method status="PASS" signature="beforeMethod(java.lang.reflect.Method)[pri:0, instance:com.hybridframework.TestDataDrivenScript@5f71c76a]" name="beforeMethod" is-config="true" duration-ms="0" started-at="2018-02-05T08:45:17Z" finished-at="2018-02-05T08:45:17Z">
          <params>
            <param index="0">
              <value>
                <![CDATA[public void com.hybridframework.TestDataDrivenScript.testLogin(java.lang.String,java.lang.String,java.lang.String)]]>
              </value>
            </param>
          </params>
          <reporter-output>
          </reporter-output>
        </test-method> <!-- beforeMethod -->
        <test-method status="PASS" signature="afterMethod(org.testng.ITestResult)[pri:0, instance:com.hybridframework.TestDataDrivenScript@5f71c76a]" name="afterMethod" is-config="true" duration-ms="0" started-at="2018-02-05T08:45:17Z" finished-at="2018-02-05T08:45:17Z">
          <params>
            <param index="0">
              <value>
                <![CDATA[[TestResult name=testLogin status=SUCCESS method=TestDataDrivenScript.testLogin(java.lang.String, java.lang.String, java.lang.String)[pri:0, instance:com.hybridframework.TestDataDrivenScript@5f71c76a] output={null}]]]>
              </value>
            </param>
          </params>
          <reporter-output>
          </reporter-output>
        </test-method> <!-- afterMethod -->
        <test-method status="PASS" signature="afterMethod(org.testng.ITestResult)[pri:0, instance:com.hybridframework.TestDataDrivenScript@5f71c76a]" name="afterMethod" is-config="true" duration-ms="0" started-at="2018-02-05T08:45:17Z" finished-at="2018-02-05T08:45:17Z">
          <params>
            <param index="0">
              <value>
                <![CDATA[[TestResult name=testLogin status=SUCCESS method=TestDataDrivenScript.testLogin(java.lang.String, java.lang.String, java.lang.String)[pri:0, instance:com.hybridframework.TestDataDrivenScript@5f71c76a] output={null}]]]>
              </value>
            </param>
          </params>
          <reporter-output>
          </reporter-output>
        </test-method> <!-- afterMethod -->
        <test-method status="PASS" signature="testLogin(java.lang.String, java.lang.String, java.lang.String)[pri:0, instance:com.hybridframework.TestDataDrivenScript@5f71c76a]" name="testLogin" duration-ms="0" started-at="2018-02-05T08:45:17Z" data-provider="TestData" finished-at="2018-02-05T08:45:17Z">
          <params>
            <param index="0">
              <value>
                <![CDATA[automation@gmail.com]]>
              </value>
            </param>
            <param index="1">
              <value>
                <![CDATA[test123]]>
              </value>
            </param>
            <param index="2">
              <value>
                <![CDATA[n]]>
              </value>
            </param>
          </params>
          <reporter-output>
          </reporter-output>
        </test-method> <!-- testLogin -->
        <test-method status="PASS" signature="beforeMethod(java.lang.reflect.Method)[pri:0, instance:com.hybridframework.TestDataDrivenScript@5f71c76a]" name="beforeMethod" is-config="true" duration-ms="0" started-at="2018-02-05T08:45:17Z" finished-at="2018-02-05T08:45:17Z">
          <params>
            <param index="0">
              <value>
                <![CDATA[public void com.hybridframework.TestDataDrivenScript.testLogin(java.lang.String,java.lang.String,java.lang.String)]]>
              </value>
            </param>
          </params>
          <reporter-output>
          </reporter-output>
        </test-method> <!-- beforeMethod -->
        <test-method status="PASS" signature="afterMethod(org.testng.ITestResult)[pri:0, instance:com.hybridframework.TestDataDrivenScript@5f71c76a]" name="afterMethod" is-config="true" duration-ms="0" started-at="2018-02-05T08:45:17Z" finished-at="2018-02-05T08:45:17Z">
          <params>
            <param index="0">
              <value>
                <![CDATA[[TestResult name=testLogin status=SUCCESS method=TestDataDrivenScript.testLogin(java.lang.String, java.lang.String, java.lang.String)[pri:0, instance:com.hybridframework.TestDataDrivenScript@5f71c76a] output={null}]]]>
              </value>
            </param>
          </params>
          <reporter-output>
          </reporter-output>
        </test-method> <!-- afterMethod -->
        <test-method status="PASS" signature="beforeMethod(java.lang.reflect.Method)[pri:0, instance:com.hybridframework.TestDataDrivenScript@5f71c76a]" name="beforeMethod" is-config="true" duration-ms="0" started-at="2018-02-05T08:45:17Z" finished-at="2018-02-05T08:45:17Z">
          <params>
            <param index="0">
              <value>
                <![CDATA[public void com.hybridframework.TestDataDrivenScript.testLogin(java.lang.String,java.lang.String,java.lang.String)]]>
              </value>
            </param>
          </params>
          <reporter-output>
          </reporter-output>
        </test-method> <!-- beforeMethod -->
        <test-method status="PASS" signature="testLogin(java.lang.String, java.lang.String, java.lang.String)[pri:0, instance:com.hybridframework.TestDataDrivenScript@5f71c76a]" name="testLogin" duration-ms="0" started-at="2018-02-05T08:45:17Z" data-provider="TestData" finished-at="2018-02-05T08:45:17Z">
          <params>
            <param index="0">
              <value>
                <![CDATA[automation@gmail.com]]>
              </value>
            </param>
            <param index="1">
              <value>
                <![CDATA[test123]]>
              </value>
            </param>
            <param index="2">
              <value>
                <![CDATA[n]]>
              </value>
            </param>
          </params>
          <reporter-output>
          </reporter-output>
        </test-method> <!-- testLogin -->
        <test-method status="PASS" signature="afterMethod(org.testng.ITestResult)[pri:0, instance:com.hybridframework.TestDataDrivenScript@5f71c76a]" name="afterMethod" is-config="true" duration-ms="0" started-at="2018-02-05T08:45:17Z" finished-at="2018-02-05T08:45:17Z">
          <params>
            <param index="0">
              <value>
                <![CDATA[[TestResult name=testLogin status=SUCCESS method=TestDataDrivenScript.testLogin(java.lang.String, java.lang.String, java.lang.String)[pri:0, instance:com.hybridframework.TestDataDrivenScript@5f71c76a] output={null}]]]>
              </value>
            </param>
          </params>
          <reporter-output>
          </reporter-output>
        </test-method> <!-- afterMethod -->
        <test-method status="PASS" signature="beforeMethod(java.lang.reflect.Method)[pri:0, instance:com.hybridframework.TestDataDrivenScript@5f71c76a]" name="beforeMethod" is-config="true" duration-ms="0" started-at="2018-02-05T08:45:17Z" finished-at="2018-02-05T08:45:17Z">
          <params>
            <param index="0">
              <value>
                <![CDATA[public void com.hybridframework.TestDataDrivenScript.testLogin(java.lang.String,java.lang.String,java.lang.String)]]>
              </value>
            </param>
          </params>
          <reporter-output>
          </reporter-output>
        </test-method> <!-- beforeMethod -->
        <test-method status="PASS" signature="endTest()[pri:0, instance:com.hybridframework.TestDataDrivenScript@5f71c76a]" name="endTest" is-config="true" duration-ms="266" started-at="2018-02-05T08:45:17Z" finished-at="2018-02-05T08:45:17Z">
          <reporter-output>
          </reporter-output>
        </test-method> <!-- endTest -->
        <test-method status="PASS" signature="testLogin(java.lang.String, java.lang.String, java.lang.String)[pri:0, instance:com.hybridframework.TestDataDrivenScript@5f71c76a]" name="testLogin" duration-ms="0" started-at="2018-02-05T08:45:17Z" data-provider="TestData" finished-at="2018-02-05T08:45:17Z">
          <params>
            <param index="0">
              <value>
                <![CDATA[automation@gmail.com]]>
              </value>
            </param>
            <param index="1">
              <value>
                <![CDATA[test123]]>
              </value>
            </param>
            <param index="2">
              <value>
                <![CDATA[y]]>
              </value>
            </param>
          </params>
          <reporter-output>
          </reporter-output>
        </test-method> <!-- testLogin -->
        <test-method status="PASS" signature="afterMethod(org.testng.ITestResult)[pri:0, instance:com.hybridframework.TestDataDrivenScript@5f71c76a]" name="afterMethod" is-config="true" duration-ms="0" started-at="2018-02-05T08:45:17Z" finished-at="2018-02-05T08:45:17Z">
          <params>
            <param index="0">
              <value>
                <![CDATA[[TestResult name=testLogin status=SUCCESS method=TestDataDrivenScript.testLogin(java.lang.String, java.lang.String, java.lang.String)[pri:0, instance:com.hybridframework.TestDataDrivenScript@5f71c76a] output={null}]]]>
              </value>
            </param>
          </params>
          <reporter-output>
          </reporter-output>
        </test-method> <!-- afterMethod -->
      </class> <!-- com.hybridframework.TestDataDrivenScript -->
    </test> <!-- Command line test -->
  </suite> <!-- com.hybridframework.TestDataDrivenScript -->
</testng-results>
