<?xml version="1.0" encoding="UTF-8"?>
<!-- Generated by org.testng.reporters.JUnitXMLReporter -->
<testsuite hostname="MMDCDAJINKYABH" ignored="0" name="Command line test" tests="5" failures="0" timestamp="05 Feb 2018 03:15:17 GMT" time="0.765" errors="0">
  <testcase name="testLogin" time="0.0" classname="com.hybridframework.TestDataDrivenScript"/>
  <testcase name="testLogin" time="0.0" classname="com.hybridframework.TestDataDrivenScript"/>
  <testcase name="testLogin" time="0.0" classname="com.hybridframework.TestDataDrivenScript"/>
  <testcase name="testLogin" time="0.0" classname="com.hybridframework.TestDataDrivenScript"/>
  <testcase name="testLogin" time="0.0" classname="com.hybridframework.TestDataDrivenScript"/>
</testsuite> <!-- Command line test -->
